{"E:\\IT doc\\projet 9\\jest test tuto\\src\\app\\classTest.js": {"path":"E:\\IT doc\\projet 9\\jest test tuto\\src\\app\\classTest.js","statementMap":{"0":{"start":{"line":2,"column":8},"end":{"line":2,"column":11}},"1":{"start":{"line":4,"column":4},"end":{"line":4,"column":19}},"2":{"start":{"line":5,"column":4},"end":{"line":5,"column":24}},"3":{"start":{"line":9,"column":4},"end":{"line":9,"column":51}}},"fnMap":{"0":{"name":"(anonymous_0)","decl":{"start":{"line":3,"column":2},"end":{"line":3,"column":3}},"loc":{"start":{"line":3,"column":16},"end":{"line":6,"column":3}},"line":3},"1":{"name":"(anonymous_1)","decl":{"start":{"line":8,"column":2},"end":{"line":8,"column":3}},"loc":{"start":{"line":8,"column":19},"end":{"line":10,"column":3}},"line":8}},"branchMap":{"0":{"loc":{"start":{"line":9,"column":16},"end":{"line":9,"column":50}},"type":"cond-expr","locations":[{"start":{"line":9,"column":30},"end":{"line":9,"column":36}},{"start":{"line":9,"column":39},"end":{"line":9,"column":50}}],"line":9}},"s":{"0":1,"1":1,"2":1,"3":1},"f":{"0":1,"1":1},"b":{"0":[1,0]},"_coverageSchema":"1a1c01bbd47fc00a2c39e90264f33305004495a9","hash":"fe3fa587c83688137e69fcc694eba4573607dd35"}
,"E:\\IT doc\\projet 9\\jest test tuto\\src\\app\\fetchData.js": {"path":"E:\\IT doc\\projet 9\\jest test tuto\\src\\app\\fetchData.js","statementMap":{"0":{"start":{"line":2,"column":12},"end":{"line":2,"column":58}},"1":{"start":{"line":4,"column":18},"end":{"line":8,"column":1}},"2":{"start":{"line":5,"column":2},"end":{"line":7,"column":5}},"3":{"start":{"line":6,"column":4},"end":{"line":6,"column":27}},"4":{"start":{"line":10,"column":23},"end":{"line":12,"column":1}},"5":{"start":{"line":11,"column":2},"end":{"line":11,"column":24}}},"fnMap":{"0":{"name":"(anonymous_0)","decl":{"start":{"line":4,"column":18},"end":{"line":4,"column":19}},"loc":{"start":{"line":4,"column":36},"end":{"line":8,"column":1}},"line":4},"1":{"name":"(anonymous_1)","decl":{"start":{"line":5,"column":22},"end":{"line":5,"column":23}},"loc":{"start":{"line":5,"column":31},"end":{"line":7,"column":3}},"line":5},"2":{"name":"(anonymous_2)","decl":{"start":{"line":10,"column":23},"end":{"line":10,"column":24}},"loc":{"start":{"line":10,"column":29},"end":{"line":12,"column":1}},"line":10}},"branchMap":{},"s":{"0":1,"1":1,"2":1,"3":1,"4":1,"5":3},"f":{"0":1,"1":1,"2":3},"b":{},"_coverageSchema":"1a1c01bbd47fc00a2c39e90264f33305004495a9","hash":"097b9a51e68d7bcdf66e5811d6bffcbb773c7642"}
,"E:\\IT doc\\projet 9\\jest test tuto\\src\\app\\prise.js": {"path":"E:\\IT doc\\projet 9\\jest test tuto\\src\\app\\prise.js","statementMap":{"0":{"start":{"line":1,"column":15},"end":{"line":3,"column":1}},"1":{"start":{"line":2,"column":2},"end":{"line":2,"column":50}},"2":{"start":{"line":5,"column":15},"end":{"line":7,"column":1}},"3":{"start":{"line":6,"column":2},"end":{"line":6,"column":48}}},"fnMap":{"0":{"name":"(anonymous_0)","decl":{"start":{"line":1,"column":15},"end":{"line":1,"column":16}},"loc":{"start":{"line":1,"column":26},"end":{"line":3,"column":1}},"line":1},"1":{"name":"(anonymous_1)","decl":{"start":{"line":5,"column":15},"end":{"line":5,"column":16}},"loc":{"start":{"line":5,"column":26},"end":{"line":7,"column":1}},"line":5}},"branchMap":{"0":{"loc":{"start":{"line":2,"column":9},"end":{"line":2,"column":49}},"type":"cond-expr","locations":[{"start":{"line":2,"column":24},"end":{"line":2,"column":36}},{"start":{"line":2,"column":39},"end":{"line":2,"column":49}}],"line":2},"1":{"loc":{"start":{"line":6,"column":9},"end":{"line":6,"column":47}},"type":"cond-expr","locations":[{"start":{"line":6,"column":24},"end":{"line":6,"column":34}},{"start":{"line":6,"column":37},"end":{"line":6,"column":47}}],"line":6}},"s":{"0":1,"1":1,"2":1,"3":1},"f":{"0":1,"1":1},"b":{"0":[1,0],"1":[1,0]},"_coverageSchema":"1a1c01bbd47fc00a2c39e90264f33305004495a9","hash":"164400ee036f4d842297b52ce2e11953cd9aad32"}
}
